host: genoa64-03
Building DAG of jobs...
Your conda installation is not configured to use strict channel priorities. This is however important for having robust and correct environments (for details, see https://conda-forge.org/docs/user/tipsandtricks.html). Please consider to configure strict priorities by executing 'conda config --set channel_priority strict'.
Using shell: /usr/bin/bash
Provided remote nodes: 1
Provided resources: mem_mb=1000, mem_mib=954, disk_mb=1000, disk_mib=954, threads=4
Select jobs to execute...
Execute 1 jobs...

[Wed Oct 16 17:02:43 2024]
rule s02_cluster:
    input: results_annotation/searches/myo.Myosin.domains.fasta
    output: results_annotation/clusters/myo.Myosin.domains.fasta
    log: logs/s02_cluster/test.log
    jobid: 0
    benchmark: benchmarks/s02_cluster/test.benchmark.txt
    reason: Forced execution
    resources: mem_mb=1000, mem_mib=954, disk_mb=1000, disk_mib=954, tmpdir=<TBD>, partition=genoa64, qos=vshort, threads=4, time=00-01:00:00, account=dmckeown


		python helper/s02_cluster.py results_annotation/searches/myo.Myosin.domains.fasta results_annotation/clusters/myo.Myosin.domains.fasta 1.5
		
host: genoa64-03
Building DAG of jobs...
Your conda installation is not configured to use strict channel priorities. This is however important for having robust and correct environments (for details, see https://conda-forge.org/docs/user/tipsandtricks.html). Please consider to configure strict priorities by executing 'conda config --set channel_priority strict'.
Using shell: /usr/bin/bash
Provided cores: 1 (use --cores to define parallelism)
Rules claiming more threads will be scaled down.
Provided resources: mem_mb=1000, mem_mib=954, disk_mb=1000, disk_mib=954, threads=4
Select jobs to execute...
Execute 1 jobs...

[Wed Oct 16 17:02:46 2024]
localrule s02_cluster:
    input: results_annotation/searches/myo.Myosin.domains.fasta
    output: results_annotation/clusters/myo.Myosin.domains.fasta
    log: logs/s02_cluster/test.log
    jobid: 0
    benchmark: benchmarks/s02_cluster/test.benchmark.txt
    reason: Forced execution
    resources: mem_mb=1000, mem_mib=954, disk_mb=1000, disk_mib=954, tmpdir=/tmp/1141081, partition=genoa64, qos=vshort, threads=4, time=00-01:00:00, account=dmckeown


		python helper/s02_cluster.py results_annotation/searches/myo.Myosin.domains.fasta results_annotation/clusters/myo.Myosin.domains.fasta 1.5
		
Activating conda environment: .snakemake/conda/346ea9158d1b7bc0fdf31282c9b99efd_
[Wed Oct 16 17:02:53 2024]
Finished job 0.
1 of 1 steps (100%) done
Storing output in storage.
[Wed Oct 16 17:02:54 2024]
Finished job 0.
1 of 1 steps (100%) done
Storing output in storage.
