host: nextflow2.linux.crg.es
Building DAG of jobs...
Using shell: /usr/bin/bash
Provided cores: 1 (use --cores to define parallelism)
Rules claiming more threads will be scaled down.
Job stats:
job           count
----------  -------
all               1
plot_quals        1
total             2

Select jobs to execute...
Execute 1 jobs...

[Fri Oct 11 11:33:12 2024]
localrule plot_quals:
    input: calls/all.vcf
    output: plots/quals.svg
    jobid: 1
    reason: Missing output files: plots/quals.svg
    resources: tmpdir=/tmp

RuleException:
CalledProcessError in file /nfs/users/asebe/dmckeown/projects/BCA_phylogeny/snakemake-tutorial/Snakefile, line 52:
Command 'set -euo pipefail;  /nfs/users/asebe/dmckeown/miniforge3/envs/snakemake/bin/python3.12 /nfs/users/asebe/dmckeown/projects/BCA_phylogeny/snakemake-tutorial/.snakemake/scripts/tmpgw30d6_j.plot-quals.py' returned non-zero exit status 1.
[Fri Oct 11 11:33:19 2024]
Error in rule plot_quals:
    jobid: 1
    input: calls/all.vcf
    output: plots/quals.svg

Shutting down, this might take some time.
Exiting because a job execution failed. Look above for error message
Complete log: .snakemake/log/2024-10-11T113312.179719.snakemake.log
WorkflowError:
At least one job did not complete successfully.
