host: nextflow2.linux.crg.es
Building DAG of jobs...
Using shell: /usr/bin/bash
Provided cores: 4
Rules claiming more threads will be scaled down.
Job stats:
job               count
--------------  -------
all                   1
bcftools_call         1
bwa_map               2
plot_quals            1
samtools_index        2
samtools_sort         2
total                 9

Select jobs to execute...
Execute 1 jobs...

[Fri Oct 11 14:13:03 2024]
localrule bwa_map:
    input: data/genome.fa, data/samples/B.fastq
    output: mapped_reads/B.bam
    jobid: 6
    reason: Forced execution
    wildcards: sample=B
    threads: 4
    resources: tmpdir=/tmp

[Fri Oct 11 14:13:04 2024]
Finished job 6.
1 of 9 steps (11%) done
Select jobs to execute...
Execute 1 jobs...

[Fri Oct 11 14:13:04 2024]
localrule bwa_map:
    input: data/genome.fa, data/samples/A.fastq
    output: mapped_reads/A.bam
    jobid: 4
    reason: Forced execution
    wildcards: sample=A
    threads: 4
    resources: tmpdir=/tmp

[Fri Oct 11 14:13:04 2024]
Finished job 4.
2 of 9 steps (22%) done
Select jobs to execute...
Execute 2 jobs...

[Fri Oct 11 14:13:04 2024]
localrule samtools_sort:
    input: mapped_reads/B.bam
    output: sorted_reads/B.bam
    jobid: 5
    reason: Forced execution
    wildcards: sample=B
    resources: tmpdir=/tmp


[Fri Oct 11 14:13:04 2024]
localrule samtools_sort:
    input: mapped_reads/A.bam
    output: sorted_reads/A.bam
    jobid: 3
    reason: Forced execution
    wildcards: sample=A
    resources: tmpdir=/tmp

[Fri Oct 11 14:13:05 2024]
Finished job 3.
3 of 9 steps (33%) done
Select jobs to execute...
Execute 1 jobs...

[Fri Oct 11 14:13:05 2024]
localrule samtools_index:
    input: sorted_reads/A.bam
    output: sorted_reads/A.bam.bai
    jobid: 7
    reason: Forced execution
    wildcards: sample=A
    resources: tmpdir=/tmp

[Fri Oct 11 14:13:05 2024]
Finished job 5.
4 of 9 steps (44%) done
Select jobs to execute...
Execute 1 jobs...

[Fri Oct 11 14:13:05 2024]
localrule samtools_index:
    input: sorted_reads/B.bam
    output: sorted_reads/B.bam.bai
    jobid: 8
    reason: Forced execution
    wildcards: sample=B
    resources: tmpdir=/tmp

[Fri Oct 11 14:13:05 2024]
Finished job 7.
5 of 9 steps (56%) done
[Fri Oct 11 14:13:05 2024]
Finished job 8.
6 of 9 steps (67%) done
Select jobs to execute...
Execute 1 jobs...

[Fri Oct 11 14:13:05 2024]
localrule bcftools_call:
    input: data/genome.fa, sorted_reads/A.bam, sorted_reads/B.bam, sorted_reads/A.bam.bai, sorted_reads/B.bam.bai
    output: calls/all.vcf
    jobid: 2
    reason: Forced execution
    resources: tmpdir=/tmp

[Fri Oct 11 14:13:06 2024]
Finished job 2.
7 of 9 steps (78%) done
Select jobs to execute...
Execute 1 jobs...

[Fri Oct 11 14:13:06 2024]
localrule plot_quals:
    input: calls/all.vcf
    output: plots/quals.svg
    jobid: 1
    reason: Forced execution
    resources: tmpdir=/tmp

[Fri Oct 11 14:13:10 2024]
Finished job 1.
8 of 9 steps (89%) done
Select jobs to execute...
Execute 1 jobs...

[Fri Oct 11 14:13:10 2024]
localrule all:
    input: plots/quals.svg
    jobid: 0
    reason: Forced execution
    resources: tmpdir=/tmp

[Fri Oct 11 14:13:10 2024]
Finished job 0.
9 of 9 steps (100%) done
Complete log: .snakemake/log/2024-10-11T141302.977931.snakemake.log
