host: nextflow2.linux.crg.es
Building DAG of jobs...
Using shell: /usr/bin/bash
Provided cores: 1 (use --cores to define parallelism)
Rules claiming more threads will be scaled down.
Job stats:
job               count
--------------  -------
all                   1
bcftools_call         1
plot_quals            1
samtools_index        2
total                 5

Select jobs to execute...
Execute 1 jobs...

[Fri Oct 11 11:29:28 2024]
localrule samtools_index:
    input: sorted_reads/B.bam
    output: sorted_reads/B.bam.bai
    jobid: 8
    reason: Missing output files: sorted_reads/B.bam.bai
    wildcards: sample=B
    resources: tmpdir=/tmp

[Fri Oct 11 11:29:28 2024]
Finished job 8.
1 of 5 steps (20%) done
Select jobs to execute...
Execute 1 jobs...

[Fri Oct 11 11:29:28 2024]
localrule samtools_index:
    input: sorted_reads/A.bam
    output: sorted_reads/A.bam.bai
    jobid: 7
    reason: Missing output files: sorted_reads/A.bam.bai
    wildcards: sample=A
    resources: tmpdir=/tmp

[Fri Oct 11 11:29:29 2024]
Finished job 7.
2 of 5 steps (40%) done
Select jobs to execute...
Execute 1 jobs...

[Fri Oct 11 11:29:29 2024]
localrule bcftools_call:
    input: data/genome.fa, sorted_reads/A.bam, sorted_reads/B.bam, sorted_reads/A.bam.bai, sorted_reads/B.bam.bai
    output: calls/all.vcf
    jobid: 2
    reason: Missing output files: calls/all.vcf; Input files updated by another job: sorted_reads/B.bam.bai, sorted_reads/A.bam.bai
    resources: tmpdir=/tmp

[Fri Oct 11 11:29:30 2024]
Finished job 2.
3 of 5 steps (60%) done
Select jobs to execute...
Execute 1 jobs...

[Fri Oct 11 11:29:30 2024]
localrule plot_quals:
    input: calls/all.vcf
    output: plots/quals.svg
    jobid: 1
    reason: Missing output files: plots/quals.svg; Input files updated by another job: calls/all.vcf
    resources: tmpdir=/tmp

RuleException:
CalledProcessError in file /nfs/users/asebe/dmckeown/projects/BCA_phylogeny/snakemake-tutorial/Snakefile, line 52:
Command 'set -euo pipefail;  /nfs/users/asebe/dmckeown/miniforge3/envs/snakemake/bin/python3.12 /nfs/users/asebe/dmckeown/projects/BCA_phylogeny/snakemake-tutorial/.snakemake/scripts/tmpqvxjbe3_.plot-quals.py' returned non-zero exit status 1.
[Fri Oct 11 11:29:32 2024]
Error in rule plot_quals:
    jobid: 1
    input: calls/all.vcf
    output: plots/quals.svg

Shutting down, this might take some time.
Exiting because a job execution failed. Look above for error message
Complete log: .snakemake/log/2024-10-11T112928.405339.snakemake.log
WorkflowError:
At least one job did not complete successfully.
