host: nextflow2.linux.crg.es
Building DAG of jobs...
Using shell: /usr/bin/bash
Provided cores: 4
Rules claiming more threads will be scaled down.
Job stats:
job               count
--------------  -------
all                   1
bcftools_call         1
bwa_map               3
plot_quals            1
samtools_index        3
samtools_sort         3
total                12

Select jobs to execute...
Execute 1 jobs...

[Fri Oct 11 14:30:59 2024]
localrule bwa_map:
    input: data/genome.fa, data/samples/A.fastq
    output: mapped_reads/A.bam
    jobid: 4
    reason: Forced execution
    wildcards: sample=A
    threads: 4
    resources: tmpdir=/tmp

[Fri Oct 11 14:31:00 2024]
Finished job 4.
1 of 12 steps (8%) done
Select jobs to execute...
Execute 1 jobs...

[Fri Oct 11 14:31:00 2024]
localrule bwa_map:
    input: data/genome.fa, data/samples/C.fastq
    output: mapped_reads/C.bam
    jobid: 8
    reason: Forced execution
    wildcards: sample=C
    threads: 4
    resources: tmpdir=/tmp

[Fri Oct 11 14:31:01 2024]
Finished job 8.
2 of 12 steps (17%) done
Select jobs to execute...
Execute 1 jobs...

[Fri Oct 11 14:31:01 2024]
localrule bwa_map:
    input: data/genome.fa, data/samples/B.fastq
    output: mapped_reads/B.bam
    jobid: 6
    reason: Forced execution
    wildcards: sample=B
    threads: 4
    resources: tmpdir=/tmp

[Fri Oct 11 14:31:02 2024]
Finished job 6.
3 of 12 steps (25%) done
Select jobs to execute...
Execute 3 jobs...

[Fri Oct 11 14:31:02 2024]
localrule samtools_sort:
    input: mapped_reads/C.bam
    output: sorted_reads/C.bam
    jobid: 7
    reason: Forced execution
    wildcards: sample=C
    resources: tmpdir=/tmp


[Fri Oct 11 14:31:02 2024]
localrule samtools_sort:
    input: mapped_reads/B.bam
    output: sorted_reads/B.bam
    jobid: 5
    reason: Forced execution
    wildcards: sample=B
    resources: tmpdir=/tmp


[Fri Oct 11 14:31:02 2024]
localrule samtools_sort:
    input: mapped_reads/A.bam
    output: sorted_reads/A.bam
    jobid: 3
    reason: Forced execution
    wildcards: sample=A
    resources: tmpdir=/tmp

[Fri Oct 11 14:31:02 2024]
Finished job 7.
4 of 12 steps (33%) done
Select jobs to execute...
Execute 1 jobs...

[Fri Oct 11 14:31:02 2024]
localrule samtools_index:
    input: sorted_reads/C.bam
    output: sorted_reads/C.bam.bai
    jobid: 11
    reason: Forced execution
    wildcards: sample=C
    resources: tmpdir=/tmp

[Fri Oct 11 14:31:02 2024]
Finished job 5.
5 of 12 steps (42%) done
[Fri Oct 11 14:31:02 2024]
Finished job 3.
6 of 12 steps (50%) done
Select jobs to execute...
Execute 2 jobs...

[Fri Oct 11 14:31:02 2024]
localrule samtools_index:
    input: sorted_reads/A.bam
    output: sorted_reads/A.bam.bai
    jobid: 9
    reason: Forced execution
    wildcards: sample=A
    resources: tmpdir=/tmp


[Fri Oct 11 14:31:02 2024]
localrule samtools_index:
    input: sorted_reads/B.bam
    output: sorted_reads/B.bam.bai
    jobid: 10
    reason: Forced execution
    wildcards: sample=B
    resources: tmpdir=/tmp

[Fri Oct 11 14:31:02 2024]
Finished job 11.
7 of 12 steps (58%) done
[Fri Oct 11 14:31:02 2024]
Finished job 9.
8 of 12 steps (67%) done
[Fri Oct 11 14:31:02 2024]
Finished job 10.
9 of 12 steps (75%) done
Select jobs to execute...
Execute 1 jobs...

[Fri Oct 11 14:31:02 2024]
localrule bcftools_call:
    input: data/genome.fa, sorted_reads/A.bam, sorted_reads/B.bam, sorted_reads/C.bam, sorted_reads/A.bam.bai, sorted_reads/B.bam.bai, sorted_reads/C.bam.bai
    output: calls/all.vcf
    jobid: 2
    reason: Forced execution
    resources: tmpdir=/tmp

[Fri Oct 11 14:31:03 2024]
Finished job 2.
10 of 12 steps (83%) done
Select jobs to execute...
Execute 1 jobs...

[Fri Oct 11 14:31:03 2024]
localrule plot_quals:
    input: calls/all.vcf
    output: plots/quals.svg
    jobid: 1
    reason: Forced execution
    resources: tmpdir=/tmp

[Fri Oct 11 14:31:08 2024]
Finished job 1.
11 of 12 steps (92%) done
Select jobs to execute...
Execute 1 jobs...

[Fri Oct 11 14:31:08 2024]
localrule all:
    input: plots/quals.svg
    jobid: 0
    reason: Forced execution
    resources: tmpdir=/tmp

[Fri Oct 11 14:31:08 2024]
Finished job 0.
12 of 12 steps (100%) done
Complete log: .snakemake/log/2024-10-11T143059.208441.snakemake.log
