host: nextflow2.linux.crg.es
Building DAG of jobs...
Using shell: /usr/bin/bash
Provided cores: 1 (use --cores to define parallelism)
Rules claiming more threads will be scaled down.
Job stats:
job        count
-------  -------
bwa_map        1
total          1

Select jobs to execute...
Execute 1 jobs...

[Fri Oct 11 09:12:36 2024]
localrule bwa_map:
    input: data/genome.fa, data/samples/A.fastq
    output: mapped_reads/A.bam
    jobid: 1
    reason: Updated input files: data/samples/A.fastq
    wildcards: sample=A
    resources: tmpdir=/tmp

[Fri Oct 11 09:12:38 2024]
Finished job 1.
1 of 1 steps (100%) done
Complete log: .snakemake/log/2024-10-11T091236.109115.snakemake.log
