host: nextflow2.linux.crg.es
Building DAG of jobs...
Using shell: /usr/bin/bash
Provided cores: 1 (use --cores to define parallelism)
Rules claiming more threads will be scaled down.
Job stats:
job        count
-------  -------
bwa_map        2
total          2

Select jobs to execute...
Execute 1 jobs...

[Fri Oct 11 09:40:21 2024]
localrule bwa_map:
    input: data/genome.fa, data/samples/B.fastq
    output: mapped_reads/B.bam
    jobid: 0
    reason: Missing output files: mapped_reads/B.bam
    wildcards: sample=B
    resources: tmpdir=/tmp

[Fri Oct 11 09:40:23 2024]
Finished job 0.
1 of 2 steps (50%) done
Select jobs to execute...
Execute 1 jobs...

[Fri Oct 11 09:40:23 2024]
localrule bwa_map:
    input: data/genome.fa, data/samples/A.fastq
    output: mapped_reads/A.bam
    jobid: 1
    reason: Missing output files: mapped_reads/A.bam
    wildcards: sample=A
    resources: tmpdir=/tmp

[Fri Oct 11 09:40:24 2024]
Finished job 1.
2 of 2 steps (100%) done
Complete log: .snakemake/log/2024-10-11T094020.905744.snakemake.log
